<?xml version="1.0" encoding="UTF-8"?>
<testng-results ignored="0" total="5" passed="5" failed="0" skipped="0">
  <reporter-output>
  </reporter-output>
  <suite started-at="2025-01-04T17:10:28 IST" name="Parallel Test Suite" finished-at="2025-01-04T17:11:02 IST" duration-ms="34113">
    <groups>
    </groups>
    <test started-at="2025-01-04T17:10:28 IST" name="Chrome on Windows" finished-at="2025-01-04T17:10:51 IST" duration-ms="23607">
      <class name="com.paris.tests.ArticleTest">
        <test-method is-config="true" signature="setUp(java.lang.String,java.lang.String,java.lang.String)[pri:0, instance:com.paris.tests.ArticleTest@5e7cd6cc]" started-at="2025-01-04T17:10:28 IST" name="setUp" finished-at="2025-01-04T17:10:34 IST" duration-ms="6293" status="PASS">
          <params>
            <param index="0">
              <value>
                <![CDATA[Chrome]]>
              </value>
            </param>
            <param index="1">
              <value>
                <![CDATA[Windows]]>
              </value>
            </param>
            <param index="2">
              <value>
                <![CDATA[10]]>
              </value>
            </param>
          </params>
          <reporter-output>
          </reporter-output>
        </test-method> <!-- setUp -->
        <test-method signature="testArticleScrapingAndTranslation()[pri:0, instance:com.paris.tests.ArticleTest@5e7cd6cc]" started-at="2025-01-04T17:10:34 IST" name="testArticleScrapingAndTranslation" finished-at="2025-01-04T17:10:50 IST" duration-ms="16086" status="PASS">
          <reporter-output>
          </reporter-output>
        </test-method> <!-- testArticleScrapingAndTranslation -->
        <test-method is-config="true" signature="tearDown()[pri:0, instance:com.paris.tests.ArticleTest@5e7cd6cc]" started-at="2025-01-04T17:10:50 IST" name="tearDown" finished-at="2025-01-04T17:10:51 IST" duration-ms="1174" status="PASS">
          <reporter-output>
          </reporter-output>
        </test-method> <!-- tearDown -->
      </class> <!-- com.paris.tests.ArticleTest -->
    </test> <!-- Chrome on Windows -->
    <test started-at="2025-01-04T17:10:28 IST" name="Safari on macOS" finished-at="2025-01-04T17:10:51 IST" duration-ms="23844">
      <class name="com.paris.tests.ArticleTest">
        <test-method is-config="true" signature="setUp(java.lang.String,java.lang.String,java.lang.String)[pri:0, instance:com.paris.tests.ArticleTest@7dfb0c0f]" started-at="2025-01-04T17:10:28 IST" name="setUp" finished-at="2025-01-04T17:10:34 IST" duration-ms="6013" status="PASS">
          <params>
            <param index="0">
              <value>
                <![CDATA[Safari]]>
              </value>
            </param>
            <param index="1">
              <value>
                <![CDATA[OS X]]>
              </value>
            </param>
            <param index="2">
              <value>
                <![CDATA[Monterey]]>
              </value>
            </param>
          </params>
          <reporter-output>
          </reporter-output>
        </test-method> <!-- setUp -->
        <test-method signature="testArticleScrapingAndTranslation()[pri:0, instance:com.paris.tests.ArticleTest@7dfb0c0f]" started-at="2025-01-04T17:10:34 IST" name="testArticleScrapingAndTranslation" finished-at="2025-01-04T17:10:50 IST" duration-ms="16360" status="PASS">
          <reporter-output>
          </reporter-output>
        </test-method> <!-- testArticleScrapingAndTranslation -->
        <test-method is-config="true" signature="tearDown()[pri:0, instance:com.paris.tests.ArticleTest@7dfb0c0f]" started-at="2025-01-04T17:10:50 IST" name="tearDown" finished-at="2025-01-04T17:10:51 IST" duration-ms="1406" status="PASS">
          <reporter-output>
          </reporter-output>
        </test-method> <!-- tearDown -->
      </class> <!-- com.paris.tests.ArticleTest -->
    </test> <!-- Safari on macOS -->
    <test started-at="2025-01-04T17:10:28 IST" name="Chrome on macOS" finished-at="2025-01-04T17:10:54 IST" duration-ms="26636">
      <class name="com.paris.tests.ArticleTest">
        <test-method is-config="true" signature="setUp(java.lang.String,java.lang.String,java.lang.String)[pri:0, instance:com.paris.tests.ArticleTest@14dd7b39]" started-at="2025-01-04T17:10:28 IST" name="setUp" finished-at="2025-01-04T17:10:34 IST" duration-ms="6362" status="PASS">
          <params>
            <param index="0">
              <value>
                <![CDATA[Chrome]]>
              </value>
            </param>
            <param index="1">
              <value>
                <![CDATA[OS X]]>
              </value>
            </param>
            <param index="2">
              <value>
                <![CDATA[Ventura]]>
              </value>
            </param>
          </params>
          <reporter-output>
          </reporter-output>
        </test-method> <!-- setUp -->
        <test-method signature="testArticleScrapingAndTranslation()[pri:0, instance:com.paris.tests.ArticleTest@14dd7b39]" started-at="2025-01-04T17:10:34 IST" name="testArticleScrapingAndTranslation" finished-at="2025-01-04T17:10:53 IST" duration-ms="18811" status="PASS">
          <reporter-output>
          </reporter-output>
        </test-method> <!-- testArticleScrapingAndTranslation -->
        <test-method is-config="true" signature="tearDown()[pri:0, instance:com.paris.tests.ArticleTest@14dd7b39]" started-at="2025-01-04T17:10:53 IST" name="tearDown" finished-at="2025-01-04T17:10:54 IST" duration-ms="1412" status="PASS">
          <reporter-output>
          </reporter-output>
        </test-method> <!-- tearDown -->
      </class> <!-- com.paris.tests.ArticleTest -->
    </test> <!-- Chrome on macOS -->
    <test started-at="2025-01-04T17:10:28 IST" name="Firefox on macOS" finished-at="2025-01-04T17:10:57 IST" duration-ms="29552">
      <class name="com.paris.tests.ArticleTest">
        <test-method is-config="true" signature="setUp(java.lang.String,java.lang.String,java.lang.String)[pri:0, instance:com.paris.tests.ArticleTest@6933b6c6]" started-at="2025-01-04T17:10:28 IST" name="setUp" finished-at="2025-01-04T17:10:37 IST" duration-ms="9250" status="PASS">
          <params>
            <param index="0">
              <value>
                <![CDATA[Firefox]]>
              </value>
            </param>
            <param index="1">
              <value>
                <![CDATA[OS X]]>
              </value>
            </param>
            <param index="2">
              <value>
                <![CDATA[Monterey]]>
              </value>
            </param>
          </params>
          <reporter-output>
          </reporter-output>
        </test-method> <!-- setUp -->
        <test-method signature="testArticleScrapingAndTranslation()[pri:0, instance:com.paris.tests.ArticleTest@6933b6c6]" started-at="2025-01-04T17:10:37 IST" name="testArticleScrapingAndTranslation" finished-at="2025-01-04T17:10:55 IST" duration-ms="18315" status="PASS">
          <reporter-output>
          </reporter-output>
        </test-method> <!-- testArticleScrapingAndTranslation -->
        <test-method is-config="true" signature="tearDown()[pri:0, instance:com.paris.tests.ArticleTest@6933b6c6]" started-at="2025-01-04T17:10:55 IST" name="tearDown" finished-at="2025-01-04T17:10:57 IST" duration-ms="1935" status="PASS">
          <reporter-output>
          </reporter-output>
        </test-method> <!-- tearDown -->
      </class> <!-- com.paris.tests.ArticleTest -->
    </test> <!-- Firefox on macOS -->
    <test started-at="2025-01-04T17:10:28 IST" name="Edge on Windows" finished-at="2025-01-04T17:11:02 IST" duration-ms="34113">
      <class name="com.paris.tests.ArticleTest">
        <test-method is-config="true" signature="setUp(java.lang.String,java.lang.String,java.lang.String)[pri:0, instance:com.paris.tests.ArticleTest@3aa078fd]" started-at="2025-01-04T17:10:28 IST" name="setUp" finished-at="2025-01-04T17:10:42 IST" duration-ms="14871" status="PASS">
          <params>
            <param index="0">
              <value>
                <![CDATA[Edge]]>
              </value>
            </param>
            <param index="1">
              <value>
                <![CDATA[Windows]]>
              </value>
            </param>
            <param index="2">
              <value>
                <![CDATA[11]]>
              </value>
            </param>
          </params>
          <reporter-output>
          </reporter-output>
        </test-method> <!-- setUp -->
        <test-method signature="testArticleScrapingAndTranslation()[pri:0, instance:com.paris.tests.ArticleTest@3aa078fd]" started-at="2025-01-04T17:10:42 IST" name="testArticleScrapingAndTranslation" finished-at="2025-01-04T17:11:00 IST" duration-ms="17872" status="PASS">
          <reporter-output>
          </reporter-output>
        </test-method> <!-- testArticleScrapingAndTranslation -->
        <test-method is-config="true" signature="tearDown()[pri:0, instance:com.paris.tests.ArticleTest@3aa078fd]" started-at="2025-01-04T17:11:00 IST" name="tearDown" finished-at="2025-01-04T17:11:02 IST" duration-ms="1321" status="PASS">
          <reporter-output>
          </reporter-output>
        </test-method> <!-- tearDown -->
      </class> <!-- com.paris.tests.ArticleTest -->
    </test> <!-- Edge on Windows -->
  </suite> <!-- Parallel Test Suite -->
</testng-results>
